2025-10-01 21:43:05,198 - __main__ - INFO - Token value: Token not available!
2025-10-01 21:43:07,361 - __main__ - INFO - Weather in Berlin: 281.8000
2025-10-02 03:22:02,069 - __main__ - INFO - Token value: Token not available!
2025-10-02 03:22:05,335 - __main__ - INFO - Weather in Berlin: 286.5100
2025-10-02 19:49:25,098 - __main__ - INFO - Token value: 8278717297:AAH3aRu97RCab9zMF_oXkso_fKzEU9RnUP4
2025-10-02 19:49:25,436 - __main__ - INFO - Weather in Berlin: 286.5100
2025-10-02 19:59:23,175 - __main__ - INFO - Token value: 8278717297:AAH3aRu97RCab9zMF_oXkso_fKzEU9RnUP4
2025-10-02 19:59:24,044 - __main__ - INFO - Weather in Berlin: 286.5100
2025-10-02 22:14:37,653 - __main__ - INFO - Token value: 12345
2025-10-02 22:14:37,805 - __main__ - INFO - Weather in Berlin: 286.5100
2025-10-03 01:12:10,974 - __main__ - INFO - Token value: 12345
2025-10-03 01:12:11,215 - __main__ - INFO - Weather in Berlin: 286.5100
2025-10-03 02:54:44,527 - __main__ - INFO - Token value: 12345
2025-10-03 02:54:44,699 - __main__ - INFO - Weather in Berlin: 286.8300
2025-10-03 04:18:34,228 - __main__ - INFO - Token value: 12345
2025-10-03 04:18:34,827 - __main__ - INFO - Weather in Berlin: 286.8300
2025-10-03 06:23:45,295 - __main__ - INFO - Token value: 12345
2025-10-03 06:23:45,479 - __main__ - INFO - Weather in Berlin: 286.8300
2025-10-03 09:01:49,149 - __main__ - INFO - Token value: Token not available!
2025-10-03 09:06:30,106 - __main__ - INFO - Token value: Token not available!
2025-10-03 09:06:30,708 - __main__ - INFO - Currect water level of OHT : Currect water level of OHT
: {'Domestic': 41.43, 'flush': 64.96}
2025-10-03 09:09:15,575 - __main__ - INFO - Token value: Token not available!
2025-10-03 09:09:16,099 - __main__ - INFO - Currect water level of OHT : Domestic: 41.22%Currect water level of OHT
flush: 64.85%
2025-10-03 09:12:28,144 - __main__ - INFO - Token value: Token not available!
2025-10-03 09:12:28,732 - __main__ - INFO - Currect water level of OHT : Currect water level of OHT
: Domestic: 41.04%
flush: 64.85%
2025-10-03 09:13:18,063 - __main__ - INFO - Token value: Token not available!
2025-10-03 09:13:18,608 - __main__ - INFO - Currect water level of OHT : Currect water level of OHT:
 Domestic: 41.04%
flush: 64.85%
2025-10-03 08:20:44,891 - __main__ - INFO - Token value: 12345
2025-10-03 08:20:45,986 - __main__ - INFO - Currect water level of OHT : Currect water level of OHT:
Domestic: 40.7%
flush: 64.7%
2025-10-03 10:16:40,232 - __main__ - INFO - Token value: 12345
2025-10-03 10:16:41,375 - __main__ - INFO - Currect water level of OHT : Currect water level of OHT:
Domestic: 72.3%
flush: 87.64%
2025-10-03 11:33:53,438 - __main__ - INFO - Token value: Token not available!
2025-10-03 11:33:54,099 - __main__ - INFO - Currect water level of OHT : Currect water level of OHT:
Domestic: 78.67%
flush: 89.3%
2025-10-03 11:34:23,569 - __main__ - INFO - Token value: Token not available!
2025-10-03 11:34:24,298 - __main__ - INFO - Currect water level of OHT : Currect water level of OHT:
Domestic: 78.67%
flush: 89.3%
2025-10-03 12:32:55,739 - __main__ - INFO - Token value: 12345
2025-10-03 12:32:56,843 - __main__ - INFO - Currect water level of OHT : Currect water level of OHT:
Domestic: 84.52%
flush: 84.59%
